2020-02-18/21:02:46.705|||||^_^|[main] INFO  com.feifei.springboot.SpringbootApplication 55 - Starting SpringbootApplication on dongfeifeis-MacBook-Pro.local with PID 19024 (/Users/dongfeifei/IdeaProjects/springboot/target/classes started by dongfeifei in /Users/dongfeifei/IdeaProjects/springboot)
2020-02-18/21:02:46.712|||||^_^|[main] INFO  com.feifei.springboot.SpringbootApplication 651 - No active profile set, falling back to default profiles: default
2020-02-18/21:02:47.592|||||^_^|[main] INFO  o.s.boot.web.embedded.tomcat.TomcatWebServer 92 - Tomcat initialized with port(s): 8001 (http)
2020-02-18/21:02:47.598|||||^_^|[main] INFO  org.apache.coyote.http11.Http11NioProtocol 173 - Initializing ProtocolHandler ["http-nio-8001"]
2020-02-18/21:02:47.599|||||^_^|[main] INFO  org.apache.catalina.core.StandardService 173 - Starting service [Tomcat]
2020-02-18/21:02:47.599|||||^_^|[main] INFO  org.apache.catalina.core.StandardEngine 173 - Starting Servlet engine: [Apache Tomcat/9.0.30]
2020-02-18/21:02:47.714|||||^_^|[main] INFO  o.a.c.core.ContainerBase.[Tomcat].[localhost].[/] 173 - Initializing Spring embedded WebApplicationContext
2020-02-18/21:02:47.715|||||^_^|[main] INFO  org.springframework.web.context.ContextLoader 284 - Root WebApplicationContext: initialization completed in 932 ms
2020-02-18/21:02:48.052|||||^_^|[main] INFO  org.apache.coyote.http11.Http11NioProtocol 173 - Starting ProtocolHandler ["http-nio-8001"]
2020-02-18/21:02:48.094|||||^_^|[main] INFO  o.s.boot.web.embedded.tomcat.TomcatWebServer 204 - Tomcat started on port(s): 8001 (http) with context path ''
2020-02-18/21:02:48.098|||||^_^|[main] INFO  com.feifei.springboot.SpringbootApplication 61 - Started SpringbootApplication in 1.997 seconds (JVM running for 2.536)
2020-02-18/21:02:49.965|||||^_^|[http-nio-8001-exec-1] INFO  o.a.c.core.ContainerBase.[Tomcat].[localhost].[/] 173 - Initializing Spring DispatcherServlet 'dispatcherServlet'
2020-02-18/21:02:49.965|||||^_^|[http-nio-8001-exec-1] INFO  org.springframework.web.servlet.DispatcherServlet 525 - Initializing Servlet 'dispatcherServlet'
2020-02-18/21:02:49.969|||||^_^|[http-nio-8001-exec-1] INFO  org.springframework.web.servlet.DispatcherServlet 547 - Completed initialization in 4 ms
2020-02-18/21:02:49.982|||||^_^|[http-nio-8001-exec-1] INFO  com.feifei.springboot.controller.JsonController 69 - ======测试日志info级别打印=====
2020-02-18/21:02:49.982|||||^_^|[http-nio-8001-exec-1] ERROR com.feifei.springboot.controller.JsonController 70 - =====测试日志error级别打印====
2020-02-18/21:02:49.983|||||^_^|[http-nio-8001-exec-1] WARN  com.feifei.springboot.controller.JsonController 71 - ======测试日志warn级别打印=====
2020-02-18/21:02:49.983|||||^_^|[http-nio-8001-exec-1] INFO  com.feifei.springboot.controller.JsonController 76 - ======倪升武的个人博客：blog.itcodai.com；倪升武的CSDN博客：blog.csdn.net/eson_15
2020-02-18/21:05:31.606|||||^_^|[main] INFO  com.feifei.springboot.SpringbootApplication 55 - Starting SpringbootApplication on dongfeifeis-MacBook-Pro.local with PID 19144 (/Users/dongfeifei/IdeaProjects/springboot/target/classes started by dongfeifei in /Users/dongfeifei/IdeaProjects/springboot)
2020-02-18/21:05:31.609|||||^_^|[main] INFO  com.feifei.springboot.SpringbootApplication 651 - No active profile set, falling back to default profiles: default
2020-02-18/21:05:32.478|||||^_^|[main] INFO  o.s.boot.web.embedded.tomcat.TomcatWebServer 92 - Tomcat initialized with port(s): 8001 (http)
2020-02-18/21:05:32.486|||||^_^|[main] INFO  org.apache.coyote.http11.Http11NioProtocol 173 - Initializing ProtocolHandler ["http-nio-8001"]
2020-02-18/21:05:32.486|||||^_^|[main] INFO  org.apache.catalina.core.StandardService 173 - Starting service [Tomcat]
2020-02-18/21:05:32.487|||||^_^|[main] INFO  org.apache.catalina.core.StandardEngine 173 - Starting Servlet engine: [Apache Tomcat/9.0.30]
2020-02-18/21:05:32.535|||||^_^|[main] INFO  o.a.c.core.ContainerBase.[Tomcat].[localhost].[/] 173 - Initializing Spring embedded WebApplicationContext
2020-02-18/21:05:32.535|||||^_^|[main] INFO  org.springframework.web.context.ContextLoader 284 - Root WebApplicationContext: initialization completed in 852 ms
2020-02-18/21:05:32.808|||||^_^|[main] INFO  org.apache.coyote.http11.Http11NioProtocol 173 - Starting ProtocolHandler ["http-nio-8001"]
2020-02-18/21:05:32.843|||||^_^|[main] INFO  o.s.boot.web.embedded.tomcat.TomcatWebServer 204 - Tomcat started on port(s): 8001 (http) with context path ''
2020-02-18/21:05:32.848|||||^_^|[main] INFO  com.feifei.springboot.SpringbootApplication 61 - Started SpringbootApplication in 1.959 seconds (JVM running for 2.57)
2020-02-18/21:07:43.373|||||^_^|[http-nio-8001-exec-1] INFO  o.a.c.core.ContainerBase.[Tomcat].[localhost].[/] 173 - Initializing Spring DispatcherServlet 'dispatcherServlet'
2020-02-18/21:07:43.373|||||^_^|[http-nio-8001-exec-1] INFO  org.springframework.web.servlet.DispatcherServlet 525 - Initializing Servlet 'dispatcherServlet'
2020-02-18/21:07:43.378|||||^_^|[http-nio-8001-exec-1] INFO  org.springframework.web.servlet.DispatcherServlet 547 - Completed initialization in 5 ms
2020-02-18/21:07:43.393|||||^_^|[http-nio-8001-exec-1] INFO  c.f.springboot.controller.TestConfigController 25 - =====获取的订单服务地址为：http://localhost:8002
2020-02-18/21:11:13.094|||||^_^|[main] INFO  com.feifei.springboot.SpringbootApplication 55 - Starting SpringbootApplication on dongfeifeis-MacBook-Pro.local with PID 19361 (/Users/dongfeifei/IdeaProjects/springboot/target/classes started by dongfeifei in /Users/dongfeifei/IdeaProjects/springboot)
2020-02-18/21:11:13.098|||||^_^|[main] INFO  com.feifei.springboot.SpringbootApplication 651 - No active profile set, falling back to default profiles: default
2020-02-18/21:11:13.889|||||^_^|[main] INFO  o.s.boot.web.embedded.tomcat.TomcatWebServer 92 - Tomcat initialized with port(s): 8001 (http)
2020-02-18/21:11:13.898|||||^_^|[main] INFO  org.apache.coyote.http11.Http11NioProtocol 173 - Initializing ProtocolHandler ["http-nio-8001"]
2020-02-18/21:11:13.898|||||^_^|[main] INFO  org.apache.catalina.core.StandardService 173 - Starting service [Tomcat]
2020-02-18/21:11:13.898|||||^_^|[main] INFO  org.apache.catalina.core.StandardEngine 173 - Starting Servlet engine: [Apache Tomcat/9.0.30]
2020-02-18/21:11:13.950|||||^_^|[main] INFO  o.a.c.core.ContainerBase.[Tomcat].[localhost].[/] 173 - Initializing Spring embedded WebApplicationContext
2020-02-18/21:11:13.950|||||^_^|[main] INFO  org.springframework.web.context.ContextLoader 284 - Root WebApplicationContext: initialization completed in 813 ms
2020-02-18/21:11:14.210|||||^_^|[main] INFO  org.apache.coyote.http11.Http11NioProtocol 173 - Starting ProtocolHandler ["http-nio-8001"]
2020-02-18/21:11:14.238|||||^_^|[main] INFO  o.s.boot.web.embedded.tomcat.TomcatWebServer 204 - Tomcat started on port(s): 8001 (http) with context path ''
2020-02-18/21:11:14.241|||||^_^|[main] INFO  com.feifei.springboot.SpringbootApplication 61 - Started SpringbootApplication in 1.747 seconds (JVM running for 2.352)
2020-02-18/21:11:23.149|||||^_^|[http-nio-8001-exec-1] INFO  o.a.c.core.ContainerBase.[Tomcat].[localhost].[/] 173 - Initializing Spring DispatcherServlet 'dispatcherServlet'
2020-02-18/21:11:23.150|||||^_^|[http-nio-8001-exec-1] INFO  org.springframework.web.servlet.DispatcherServlet 525 - Initializing Servlet 'dispatcherServlet'
2020-02-18/21:11:23.155|||||^_^|[http-nio-8001-exec-1] INFO  org.springframework.web.servlet.DispatcherServlet 547 - Completed initialization in 5 ms
2020-02-18/21:11:23.170|||||^_^|[http-nio-8001-exec-1] INFO  c.f.springboot.controller.TestConfigController 37 - =====获取的订单服务地址为：http://localhost:8002
2020-02-18/21:11:23.171|||||^_^|[http-nio-8001-exec-1] INFO  c.f.springboot.controller.TestConfigController 38 - =====获取的用户服务地址为：http://localhost:8003
2020-02-18/21:11:23.172|||||^_^|[http-nio-8001-exec-1] INFO  c.f.springboot.controller.TestConfigController 39 - =====获取的购物车服务地址为：http://localhost:8004
2020-02-18/21:14:43.060|||||^_^|[main] INFO  com.feifei.springboot.SpringbootApplication 55 - Starting SpringbootApplication on dongfeifeis-MacBook-Pro.local with PID 19506 (/Users/dongfeifei/IdeaProjects/springboot/target/classes started by dongfeifei in /Users/dongfeifei/IdeaProjects/springboot)
2020-02-18/21:14:43.064|||||^_^|[main] INFO  com.feifei.springboot.SpringbootApplication 651 - No active profile set, falling back to default profiles: default
2020-02-18/21:14:43.929|||||^_^|[main] INFO  o.s.boot.web.embedded.tomcat.TomcatWebServer 92 - Tomcat initialized with port(s): 8001 (http)
2020-02-18/21:14:43.936|||||^_^|[main] INFO  org.apache.coyote.http11.Http11NioProtocol 173 - Initializing ProtocolHandler ["http-nio-8001"]
2020-02-18/21:14:43.936|||||^_^|[main] INFO  org.apache.catalina.core.StandardService 173 - Starting service [Tomcat]
2020-02-18/21:14:43.937|||||^_^|[main] INFO  org.apache.catalina.core.StandardEngine 173 - Starting Servlet engine: [Apache Tomcat/9.0.30]
2020-02-18/21:14:43.983|||||^_^|[main] INFO  o.a.c.core.ContainerBase.[Tomcat].[localhost].[/] 173 - Initializing Spring embedded WebApplicationContext
2020-02-18/21:14:43.984|||||^_^|[main] INFO  org.springframework.web.context.ContextLoader 284 - Root WebApplicationContext: initialization completed in 868 ms
2020-02-18/21:14:44.312|||||^_^|[main] INFO  org.apache.coyote.http11.Http11NioProtocol 173 - Starting ProtocolHandler ["http-nio-8001"]
2020-02-18/21:14:44.340|||||^_^|[main] INFO  o.s.boot.web.embedded.tomcat.TomcatWebServer 204 - Tomcat started on port(s): 8001 (http) with context path ''
2020-02-18/21:14:44.344|||||^_^|[main] INFO  com.feifei.springboot.SpringbootApplication 61 - Started SpringbootApplication in 2.244 seconds (JVM running for 3.067)
2020-02-18/21:14:46.957|||||^_^|[http-nio-8001-exec-1] INFO  o.a.c.core.ContainerBase.[Tomcat].[localhost].[/] 173 - Initializing Spring DispatcherServlet 'dispatcherServlet'
2020-02-18/21:14:46.958|||||^_^|[http-nio-8001-exec-1] INFO  org.springframework.web.servlet.DispatcherServlet 525 - Initializing Servlet 'dispatcherServlet'
2020-02-18/21:14:46.961|||||^_^|[http-nio-8001-exec-1] INFO  org.springframework.web.servlet.DispatcherServlet 547 - Completed initialization in 3 ms
2020-02-18/21:14:46.974|||||^_^|[http-nio-8001-exec-1] INFO  c.f.springboot.controller.TestConfigController 37 - =====获取的订单服务地址为：http://localhost:8002
2020-02-18/21:14:46.975|||||^_^|[http-nio-8001-exec-1] INFO  c.f.springboot.controller.TestConfigController 38 - =====获取的用户服务地址为：http://localhost:8003
2020-02-18/21:14:46.976|||||^_^|[http-nio-8001-exec-1] INFO  c.f.springboot.controller.TestConfigController 39 - =====获取的购物车服务地址为：http://localhost:8004
2020-02-18/21:23:35.987|||||^_^|[main] INFO  com.feifei.springboot.SpringbootApplication 55 - Starting SpringbootApplication on dongfeifeis-MacBook-Pro.local with PID 19912 (/Users/dongfeifei/IdeaProjects/springboot/target/classes started by dongfeifei in /Users/dongfeifei/IdeaProjects/springboot)
2020-02-18/21:23:35.991|||||^_^|[main] INFO  com.feifei.springboot.SpringbootApplication 655 - The following profiles are active: dev
2020-02-18/21:23:36.678|||||^_^|[main] INFO  o.s.boot.web.embedded.tomcat.TomcatWebServer 92 - Tomcat initialized with port(s): 8001 (http)
2020-02-18/21:23:36.684|||||^_^|[main] INFO  org.apache.coyote.http11.Http11NioProtocol 173 - Initializing ProtocolHandler ["http-nio-8001"]
2020-02-18/21:23:36.685|||||^_^|[main] INFO  org.apache.catalina.core.StandardService 173 - Starting service [Tomcat]
2020-02-18/21:23:36.685|||||^_^|[main] INFO  org.apache.catalina.core.StandardEngine 173 - Starting Servlet engine: [Apache Tomcat/9.0.30]
2020-02-18/21:23:36.727|||||^_^|[main] INFO  o.a.c.core.ContainerBase.[Tomcat].[localhost].[/] 173 - Initializing Spring embedded WebApplicationContext
2020-02-18/21:23:36.727|||||^_^|[main] INFO  org.springframework.web.context.ContextLoader 284 - Root WebApplicationContext: initialization completed in 686 ms
2020-02-18/21:23:36.973|||||^_^|[main] INFO  org.apache.coyote.http11.Http11NioProtocol 173 - Starting ProtocolHandler ["http-nio-8001"]
2020-02-18/21:23:37.006|||||^_^|[main] INFO  o.s.boot.web.embedded.tomcat.TomcatWebServer 204 - Tomcat started on port(s): 8001 (http) with context path ''
2020-02-18/21:23:37.009|||||^_^|[main] INFO  com.feifei.springboot.SpringbootApplication 61 - Started SpringbootApplication in 1.664 seconds (JVM running for 2.224)
2020-02-18/21:23:46.049|||||^_^|[http-nio-8001-exec-1] INFO  o.a.c.core.ContainerBase.[Tomcat].[localhost].[/] 173 - Initializing Spring DispatcherServlet 'dispatcherServlet'
2020-02-18/21:23:46.049|||||^_^|[http-nio-8001-exec-1] INFO  org.springframework.web.servlet.DispatcherServlet 525 - Initializing Servlet 'dispatcherServlet'
2020-02-18/21:23:46.054|||||^_^|[http-nio-8001-exec-1] INFO  org.springframework.web.servlet.DispatcherServlet 547 - Completed initialization in 5 ms
2020-02-18/21:23:46.073|||||^_^|[http-nio-8001-exec-1] INFO  c.f.springboot.controller.TestConfigController 37 - =====获取的订单服务地址为：http://localhost:8002
2020-02-18/21:23:46.074|||||^_^|[http-nio-8001-exec-1] INFO  c.f.springboot.controller.TestConfigController 38 - =====获取的用户服务地址为：http://localhost:8003
2020-02-18/21:23:46.074|||||^_^|[http-nio-8001-exec-1] INFO  c.f.springboot.controller.TestConfigController 39 - =====获取的购物车服务地址为：http://localhost:8004
2020-02-18/21:43:07.517|||||^_^|[main] INFO  com.feifei.springboot.SpringbootApplication 55 - Starting SpringbootApplication on dongfeifeis-MacBook-Pro.local with PID 20672 (/Users/dongfeifei/IdeaProjects/springboot/target/classes started by dongfeifei in /Users/dongfeifei/IdeaProjects/springboot)
2020-02-18/21:43:07.571|||||^_^|[main] INFO  com.feifei.springboot.SpringbootApplication 655 - The following profiles are active: dev
2020-02-18/21:43:08.576|||||^_^|[main] INFO  o.s.boot.web.embedded.tomcat.TomcatWebServer 92 - Tomcat initialized with port(s): 8001 (http)
2020-02-18/21:43:08.586|||||^_^|[main] INFO  org.apache.coyote.http11.Http11NioProtocol 173 - Initializing ProtocolHandler ["http-nio-8001"]
2020-02-18/21:43:08.587|||||^_^|[main] INFO  org.apache.catalina.core.StandardService 173 - Starting service [Tomcat]
2020-02-18/21:43:08.588|||||^_^|[main] INFO  org.apache.catalina.core.StandardEngine 173 - Starting Servlet engine: [Apache Tomcat/9.0.30]
2020-02-18/21:43:08.654|||||^_^|[main] INFO  o.a.c.core.ContainerBase.[Tomcat].[localhost].[/] 173 - Initializing Spring embedded WebApplicationContext
2020-02-18/21:43:08.654|||||^_^|[main] INFO  org.springframework.web.context.ContextLoader 284 - Root WebApplicationContext: initialization completed in 1025 ms
2020-02-18/21:43:08.992|||||^_^|[main] INFO  org.apache.coyote.http11.Http11NioProtocol 173 - Starting ProtocolHandler ["http-nio-8001"]
2020-02-18/21:43:09.030|||||^_^|[main] INFO  o.s.boot.web.embedded.tomcat.TomcatWebServer 204 - Tomcat started on port(s): 8001 (http) with context path ''
2020-02-18/21:43:09.036|||||^_^|[main] INFO  com.feifei.springboot.SpringbootApplication 61 - Started SpringbootApplication in 2.297 seconds (JVM running for 2.965)
2020-02-18/21:43:33.988|||||^_^|[http-nio-8001-exec-1] INFO  o.a.c.core.ContainerBase.[Tomcat].[localhost].[/] 173 - Initializing Spring DispatcherServlet 'dispatcherServlet'
2020-02-18/21:43:33.988|||||^_^|[http-nio-8001-exec-1] INFO  org.springframework.web.servlet.DispatcherServlet 525 - Initializing Servlet 'dispatcherServlet'
2020-02-18/21:43:33.994|||||^_^|[http-nio-8001-exec-1] INFO  org.springframework.web.servlet.DispatcherServlet 547 - Completed initialization in 6 ms
2020-02-18/21:43:34.023|||||^_^|[http-nio-8001-exec-1] INFO  com.feifei.springboot.controller.TestController 47 - 获取到的id为1,name为张三
